<?xml version="1.0" encoding="UTF-8"?>
<!-- Generated by org.testng.reporters.JUnitReportReporter -->
<testsuite skipped="0" hostname="DESKTOP-2KBAUVL" name="com.test.FirstMavenTest" tests="1" failures="0" timestamp="2019-08-01T12:28:06 IST" time="20.094" errors="0">
  <testcase name="TC1" time="20.094" classname="com.test.FirstMavenTest"/>
</testsuite> <!-- com.test.FirstMavenTest -->
